[Wed Aug 31 11:47:20.997005 2016] [core:warn] [pid 14652:tid 568] AH00098: pid file D:/git_remote/laravel-book/Software/UwAmp/bin/apache/logs/httpd.pid overwritten -- Unclean shutdown of previous Apache run?
[Wed Aug 31 11:47:21.169128 2016] [ssl:warn] [pid 14652:tid 568] AH01873: Init: Session Cache is not configured [hint: SSLSessionCache]
[Wed Aug 31 11:47:21.694001 2016] [mpm_winnt:notice] [pid 14652:tid 568] AH00455: Apache/2.4.18 (Win32) OpenSSL/1.0.2f PHP/7.0.3RC1 configured -- resuming normal operations
[Wed Aug 31 11:47:21.694001 2016] [mpm_winnt:notice] [pid 14652:tid 568] AH00456: Server built: Jan 28 2016 09:58:25
[Wed Aug 31 11:47:21.694001 2016] [core:notice] [pid 14652:tid 568] AH00094: Command line: 'D:\\git_remote\\laravel-book\\Software\\UwAmp\\bin\\apache\\bin\\httpd.exe -d D:/git_remote/laravel-book/Software/UwAmp/bin/apache -f D:\\git_remote\\laravel-book\\Software\\UwAmp\\bin\\apache\\conf\\httpd.conf'
[Wed Aug 31 11:47:21.696503 2016] [mpm_winnt:notice] [pid 14652:tid 568] AH00418: Parent: Created child process 14112
[Wed Aug 31 11:47:23.089492 2016] [ssl:warn] [pid 14112:tid 572] AH01873: Init: Session Cache is not configured [hint: SSLSessionCache]
[Wed Aug 31 11:47:23.123016 2016] [mpm_winnt:notice] [pid 14112:tid 572] AH00354: Child: Starting 64 worker threads.
[Wed Aug 31 11:47:35.395238 2016] [mpm_winnt:crit] [pid 14112:tid 572] AH02538: Child: Parent process exited abruptly. Child process is ending
[Wed Aug 31 11:47:35.396239 2016] [mpm_winnt:warn] [pid 14112:tid 652] (OS 995)因為執行緒結束或應用程式要求，所以已中止 I/O 操作。  : AH00341: winnt_accept: Asynchronous AcceptEx failed.
[Wed Aug 31 11:49:18.941172 2016] [core:warn] [pid 11936:tid 540] AH00098: pid file D:/git_remote/laravel-book/Software/UwAmp/bin/apache/logs/httpd.pid overwritten -- Unclean shutdown of previous Apache run?
[Wed Aug 31 11:49:19.152322 2016] [ssl:warn] [pid 11936:tid 540] AH01873: Init: Session Cache is not configured [hint: SSLSessionCache]
[Wed Aug 31 11:49:19.197855 2016] [mpm_winnt:notice] [pid 11936:tid 540] AH00455: Apache/2.4.18 (Win32) OpenSSL/1.0.2f PHP/7.0.3RC1 configured -- resuming normal operations
[Wed Aug 31 11:49:19.197855 2016] [mpm_winnt:notice] [pid 11936:tid 540] AH00456: Server built: Jan 28 2016 09:58:25
[Wed Aug 31 11:49:19.197855 2016] [core:notice] [pid 11936:tid 540] AH00094: Command line: 'D:\\git_remote\\laravel-book\\Software\\UwAmp\\bin\\apache\\bin\\httpd.exe -d D:/git_remote/laravel-book/Software/UwAmp/bin/apache -f D:\\git_remote\\laravel-book\\Software\\UwAmp\\bin\\apache\\conf\\httpd.conf'
[Wed Aug 31 11:49:19.200356 2016] [mpm_winnt:notice] [pid 11936:tid 540] AH00418: Parent: Created child process 12836
[Wed Aug 31 11:49:21.060678 2016] [ssl:warn] [pid 12836:tid 668] AH01873: Init: Session Cache is not configured [hint: SSLSessionCache]
[Wed Aug 31 11:49:21.094703 2016] [mpm_winnt:notice] [pid 12836:tid 668] AH00354: Child: Starting 64 worker threads.
[Wed Aug 31 11:51:04.747317 2016] [core:warn] [pid 16112:tid 612] AH00098: pid file D:/git_remote/laravel-book/Software/UwAmp/bin/apache/logs/httpd.pid overwritten -- Unclean shutdown of previous Apache run?
[Wed Aug 31 11:51:04.925443 2016] [ssl:warn] [pid 16112:tid 612] AH01873: Init: Session Cache is not configured [hint: SSLSessionCache]
[Wed Aug 31 11:51:04.968975 2016] [mpm_winnt:notice] [pid 16112:tid 612] AH00455: Apache/2.4.18 (Win32) OpenSSL/1.0.2f PHP/7.0.3RC1 configured -- resuming normal operations
[Wed Aug 31 11:51:04.968975 2016] [mpm_winnt:notice] [pid 16112:tid 612] AH00456: Server built: Jan 28 2016 09:58:25
[Wed Aug 31 11:51:04.968975 2016] [core:notice] [pid 16112:tid 612] AH00094: Command line: 'D:\\git_remote\\laravel-book\\Software\\UwAmp\\bin\\apache\\bin\\httpd.exe -d D:/git_remote/laravel-book/Software/UwAmp/bin/apache -f D:\\git_remote\\laravel-book\\Software\\UwAmp\\bin\\apache\\conf\\httpd.conf'
[Wed Aug 31 11:51:04.971476 2016] [mpm_winnt:notice] [pid 16112:tid 612] AH00418: Parent: Created child process 9292
[Wed Aug 31 11:51:06.755744 2016] [ssl:warn] [pid 9292:tid 648] AH01873: Init: Session Cache is not configured [hint: SSLSessionCache]
[Wed Aug 31 11:51:06.795772 2016] [mpm_winnt:notice] [pid 9292:tid 648] AH00354: Child: Starting 64 worker threads.
[Wed Aug 31 11:51:36.544160 2016] [core:warn] [pid 6880:tid 592] AH00098: pid file D:/git_remote/laravel-book/Software/UwAmp/bin/apache/logs/httpd.pid overwritten -- Unclean shutdown of previous Apache run?
[Wed Aug 31 11:51:36.684259 2016] [ssl:warn] [pid 6880:tid 592] AH01873: Init: Session Cache is not configured [hint: SSLSessionCache]
[Wed Aug 31 11:51:36.909420 2016] [mpm_winnt:notice] [pid 6880:tid 592] AH00455: Apache/2.4.18 (Win32) OpenSSL/1.0.2f PHP/7.0.6 configured -- resuming normal operations
[Wed Aug 31 11:51:36.909420 2016] [mpm_winnt:notice] [pid 6880:tid 592] AH00456: Server built: Jan 28 2016 09:58:25
[Wed Aug 31 11:51:36.909420 2016] [core:notice] [pid 6880:tid 592] AH00094: Command line: 'D:\\git_remote\\laravel-book\\Software\\UwAmp\\bin\\apache\\bin\\httpd.exe -d D:/git_remote/laravel-book/Software/UwAmp/bin/apache -f D:\\git_remote\\laravel-book\\Software\\UwAmp\\bin\\apache\\conf\\httpd.conf'
[Wed Aug 31 11:51:36.911921 2016] [mpm_winnt:notice] [pid 6880:tid 592] AH00418: Parent: Created child process 15588
[Wed Aug 31 11:51:38.333431 2016] [ssl:warn] [pid 15588:tid 500] AH01873: Init: Session Cache is not configured [hint: SSLSessionCache]
[Wed Aug 31 11:51:38.374961 2016] [mpm_winnt:notice] [pid 15588:tid 500] AH00354: Child: Starting 64 worker threads.
